#
# There is insufficient memory for the Java Runtime Environment to continue.
# Native memory allocation (malloc) failed to allocate 1048576 bytes for AllocateHeap
# Possible reasons:
#   The system is out of physical RAM or swap space
#   In 32 bit mode, the process size limit was hit
# Possible solutions:
#   Reduce memory load on the system
#   Increase physical memory or swap space
#   Check if swap backing store is full
#   Use 64 bit Java on a 64 bit OS
#   Decrease Java heap size (-Xmx/-Xms)
#   Decrease number of Java threads
#   Decrease Java thread stack sizes (-Xss)
#   Set larger code cache with -XX:ReservedCodeCacheSize=
# This output file may be truncated or incomplete.
#
#  Out of Memory Error (memory/allocation.inline.hpp:61), pid=10004, tid=10132
#
# JRE version:  (7.0_45-b18) (build )
# Java VM: Java HotSpot(TM) 64-Bit Server VM (24.45-b08 mixed mode windows-amd64 compressed oops)
# Failed to write core dump. Minidumps are not enabled by default on client versions of Windows
#

---------------  T H R E A D  ---------------

Current thread (0x00000000002ae000):  JavaThread "Unknown thread" [_thread_in_vm, id=10132, stack(0x00000000024b0000,0x00000000025b0000)]

Stack: [0x00000000024b0000,0x00000000025b0000]

---------------  P R O C E S S  ---------------

Java Threads: ( => current thread )

Other Threads:

=>0x00000000002ae000 (exited) JavaThread "Unknown thread" [_thread_in_vm, id=10132, stack(0x00000000024b0000,0x00000000025b0000)]

VM state:not at safepoint (normal execution)

VM Mutex/Monitor currently owned by a thread: None

Heap
 PSYoungGen      total 18944K, used 327K [0x00000000eb000000, 0x00000000ec500000, 0x0000000100000000)
  eden space 16384K, 2% used [0x00000000eb000000,0x00000000eb051f28,0x00000000ec000000)
  from space 2560K, 0% used [0x00000000ec280000,0x00000000ec280000,0x00000000ec500000)
  to   space 2560K, 0% used [0x00000000ec000000,0x00000000ec000000,0x00000000ec280000)
 ParOldGen       total 43008K, used 0K [0x00000000c1000000, 0x00000000c3a00000, 0x00000000eb000000)
  object space 43008K, 0% used [0x00000000c1000000,0x00000000c1000000,0x00000000c3a00000)
 PSPermGen       total 21504K, used 656K [0x00000000bbe00000, 0x00000000bd300000, 0x00000000c1000000)
  object space 21504K, 3% used [0x00000000bbe00000,0x00000000bbea41e8,0x00000000bd300000)

Card table byte_map: [0x00000000055b0000,0x00000000057e0000] byte_map_base: 0x0000000004fd1000

Polling page: 0x0000000000120000

Code Cache  [0x00000000025b0000, 0x0000000002820000, 0x00000000055b0000)
 total_blobs=37 nmethods=0 adapters=20 free_code_cache=48890Kb largest_free_block=50063104

Compilation events (0 events):
No events

GC Heap History (0 events):
No events

Deoptimization events (0 events):
No events

Internal exceptions (0 events):
No events

Events (10 events):
Event: 0.051 loading class 0x000000000217f090
Event: 0.051 loading class 0x000000000217f090 done
Event: 0.051 loading class 0x000000000217f0e0
Event: 0.052 loading class 0x000000000217f0e0 done
Event: 0.052 loading class 0x000000000217f130
Event: 0.052 loading class 0x000000000217f130 done
Event: 0.053 loading class 0x000000000217fe90
Event: 0.053 loading class 0x000000000217fe90 done
Event: 0.053 loading class 0x000000000217fab0
Event: 0.053 loading class 0x000000000217fab0 done


Dynamic libraries:
0x000000013f600000 - 0x000000013f633000 	C:\Program Files\Java\jre7\bin\javaw.exe
0x0000000077b90000 - 0x0000000077d39000 	C:\windows\SYSTEM32\ntdll.dll
0x0000000077970000 - 0x0000000077a8f000 	C:\windows\system32\kernel32.dll
0x000007fefdcd0000 - 0x000007fefdd3b000 	C:\windows\system32\KERNELBASE.dll
0x000007feff970000 - 0x000007feffa4b000 	C:\windows\system32\ADVAPI32.dll
0x000007feff790000 - 0x000007feff82f000 	C:\windows\system32\msvcrt.dll
0x000007feff830000 - 0x000007feff84f000 	C:\windows\SYSTEM32\sechost.dll
0x000007fefe280000 - 0x000007fefe3ad000 	C:\windows\system32\RPCRT4.dll
0x0000000077a90000 - 0x0000000077b8a000 	C:\windows\system32\USER32.dll
0x000007feff6e0000 - 0x000007feff747000 	C:\windows\system32\GDI32.dll
0x000007fefde20000 - 0x000007fefde2e000 	C:\windows\system32\LPK.dll
0x000007feff8a0000 - 0x000007feff969000 	C:\windows\system32\USP10.dll
0x000007fefc130000 - 0x000007fefc324000 	C:\windows\WinSxS\amd64_microsoft.windows.common-controls_6595b64144ccf1df_6.0.7601.17514_none_fa396087175ac9ac\COMCTL32.dll
0x000007fefe5c0000 - 0x000007fefe631000 	C:\windows\system32\SHLWAPI.dll
0x000007feff750000 - 0x000007feff77e000 	C:\windows\system32\IMM32.DLL
0x000007feffd90000 - 0x000007feffe99000 	C:\windows\system32\MSCTF.dll
0x0000000069740000 - 0x0000000069812000 	C:\Program Files\Java\jre7\bin\msvcr100.dll
0x0000000068f70000 - 0x0000000069739000 	C:\Program Files\Java\jre7\bin\server\jvm.dll
0x000007feefcd0000 - 0x000007feefcd9000 	C:\windows\system32\WSOCK32.dll
0x000007feff850000 - 0x000007feff89d000 	C:\windows\system32\WS2_32.dll
0x000007feff780000 - 0x000007feff788000 	C:\windows\system32\NSI.dll
0x000007fefbbf0000 - 0x000007fefbc2b000 	C:\windows\system32\WINMM.dll
0x0000000077d60000 - 0x0000000077d67000 	C:\windows\system32\PSAPI.DLL
0x0000000074410000 - 0x000000007441f000 	C:\Program Files\Java\jre7\bin\verify.dll
0x000000006de50000 - 0x000000006de78000 	C:\Program Files\Java\jre7\bin\java.dll
0x0000000070000000 - 0x0000000070015000 	C:\Program Files\Java\jre7\bin\zip.dll

VM Arguments:
jvm_args: -Dfile.encoding=Cp1252 
java_command: lab05_exercise02.test
Launcher Type: SUN_STANDARD

Environment Variables:
PATH=C:\Program Files\Common Files\Microsoft Shared\Windows Live;C:\Program Files (x86)\Common Files\Microsoft Shared\Windows Live;C:\windows\system32;C:\windows;C:\windows\System32\Wbem;C:\windows\System32\WindowsPowerShell\v1.0\;C:\Program Files (x86)\Windows Live\Shared;C:\Program Files (x86)\Microsoft SQL Server\100\Tools\Binn\;C:\Program Files (x86)\Microsoft SQL Server\100\DTS\Binn\;C:\Program Files\Java\jdk1.7.0_45\bin
USERNAME=Nicky
OS=Windows_NT
PROCESSOR_IDENTIFIER=Intel64 Family 6 Model 23 Stepping 10, GenuineIntel



---------------  S Y S T E M  ---------------

OS: Windows 7 , 64 bit Build 7601 Service Pack 1

CPU:total 2 (2 cores per cpu, 1 threads per core) family 6 model 23 stepping 10, cmov, cx8, fxsr, mmx, sse, sse2, sse3, ssse3, tsc

Memory: 4k page, physical 4125284k(873616k free), swap 9702528k(20464k free)

vm_info: Java HotSpot(TM) 64-Bit Server VM (24.45-b08) for windows-amd64 JRE (1.7.0_45-b18), built on Oct  8 2013 05:47:22 by "java_re" with unknown MS VC++:1600

time: Fri Apr 25 10:05:43 2014
elapsed time: 0 seconds

